app/build/intermediates/manifest_merge_blame_file/debug/manifest-merger-blame-debug-report.txt
1<?xml version="1.0" encoding="utf-8"?>
2<manifest xmlns:android="http://schemas.android.com/apk/res/android"
3    package="com.sucker777.clipboardsync"
4    android:versionCode="1"
5    android:versionName="1.0" >
6
7    <uses-sdk
8        android:minSdkVersion="24"
8-->src\main\AndroidManifest.xml
9        android:targetSdkVersion="30" />
9-->src\main\AndroidManifest.xml
10
11    <uses-permission android:name="android.permission.INTERNET" />
11-->src\main\AndroidManifest.xml:6:5-67
11-->src\main\AndroidManifest.xml:6:22-64
12    <uses-permission android:name="android.permission.ACCESS_NETWORK_STATE" />
12-->src\main\AndroidManifest.xml:7:5-79
12-->src\main\AndroidManifest.xml:7:22-76
13    <uses-permission android:name="android.permission.CAMERA" /> <!-- Don't require camera, as this requires a rear camera. This allows it to work on the Nexus 7 -->
13-->[com.journeyapps:zxing-android-embedded:4.2.0] AndroidManifest.xml:22:5-65
13-->[com.journeyapps:zxing-android-embedded:4.2.0] AndroidManifest.xml:22:22-62
14    <uses-feature
14-->[com.journeyapps:zxing-android-embedded:4.2.0] AndroidManifest.xml:25:5-27:36
15        android:name="android.hardware.camera"
15-->[com.journeyapps:zxing-android-embedded:4.2.0] AndroidManifest.xml:26:9-47
16        android:required="false" />
16-->[com.journeyapps:zxing-android-embedded:4.2.0] AndroidManifest.xml:27:9-33
17    <uses-feature
17-->[com.journeyapps:zxing-android-embedded:4.2.0] AndroidManifest.xml:28:5-30:36
18        android:name="android.hardware.camera.front"
18-->[com.journeyapps:zxing-android-embedded:4.2.0] AndroidManifest.xml:29:9-53
19        android:required="false" /> <!-- TODO replace above two with next line after Android 4.2 -->
19-->[com.journeyapps:zxing-android-embedded:4.2.0] AndroidManifest.xml:30:9-33
20    <!-- <uses-feature android:name="android.hardware.camera.any"/> -->
21    <uses-feature
21-->[com.journeyapps:zxing-android-embedded:4.2.0] AndroidManifest.xml:33:5-35:36
22        android:name="android.hardware.camera.autofocus"
22-->[com.journeyapps:zxing-android-embedded:4.2.0] AndroidManifest.xml:34:9-57
23        android:required="false" />
23-->[com.journeyapps:zxing-android-embedded:4.2.0] AndroidManifest.xml:35:9-33
24    <uses-feature
24-->[com.journeyapps:zxing-android-embedded:4.2.0] AndroidManifest.xml:36:5-38:36
25        android:name="android.hardware.camera.flash"
25-->[com.journeyapps:zxing-android-embedded:4.2.0] AndroidManifest.xml:37:9-53
26        android:required="false" />
26-->[com.journeyapps:zxing-android-embedded:4.2.0] AndroidManifest.xml:38:9-33
27    <uses-feature
27-->[com.journeyapps:zxing-android-embedded:4.2.0] AndroidManifest.xml:39:5-41:36
28        android:name="android.hardware.screen.landscape"
28-->[com.journeyapps:zxing-android-embedded:4.2.0] AndroidManifest.xml:40:9-57
29        android:required="false" />
29-->[com.journeyapps:zxing-android-embedded:4.2.0] AndroidManifest.xml:41:9-33
30    <uses-feature
30-->[com.journeyapps:zxing-android-embedded:4.2.0] AndroidManifest.xml:42:5-44:36
31        android:name="android.hardware.wifi"
31-->[com.journeyapps:zxing-android-embedded:4.2.0] AndroidManifest.xml:43:9-45
32        android:required="false" />
32-->[com.journeyapps:zxing-android-embedded:4.2.0] AndroidManifest.xml:44:9-33
33
34    <application
34-->src\main\AndroidManifest.xml:9:5-35:19
35        android:allowBackup="true"
35-->src\main\AndroidManifest.xml:10:9-35
36        android:appComponentFactory="androidx.core.app.CoreComponentFactory"
36-->[androidx.core:core:1.5.0] AndroidManifest.xml:24:18-86
37        android:debuggable="true"
38        android:extractNativeLibs="false"
39        android:hardwareAccelerated="true"
39-->src\main\AndroidManifest.xml:11:9-43
40        android:icon="@drawable/ic_app"
40-->src\main\AndroidManifest.xml:12:9-40
41        android:label="@string/app_name"
41-->src\main\AndroidManifest.xml:13:9-41
42        android:persistent="true"
42-->src\main\AndroidManifest.xml:14:9-34
43        android:roundIcon="@drawable/ic_app"
43-->src\main\AndroidManifest.xml:15:9-45
44        android:supportsRtl="true"
44-->src\main\AndroidManifest.xml:16:9-35
45        android:theme="@style/Theme.ClipboardSync" >
45-->src\main\AndroidManifest.xml:17:9-51
46        <activity
46-->src\main\AndroidManifest.xml:19:9-22:70
47            android:name="com.sucker777.clipboardsync.SideMenu"
47-->src\main\AndroidManifest.xml:20:13-37
48            android:label="@string/title_activity_side_menu"
48-->src\main\AndroidManifest.xml:21:13-61
49            android:theme="@style/Theme.ClipboardSync.NoActionBar" />
49-->src\main\AndroidManifest.xml:22:13-67
50        <activity android:name="com.sucker777.clipboardsync.Welcome" />
50-->src\main\AndroidManifest.xml:23:9-45
50-->src\main\AndroidManifest.xml:23:19-42
51        <activity
51-->src\main\AndroidManifest.xml:24:9-27:49
52            android:name="com.sucker777.clipboardsync.ScanActivity"
52-->src\main\AndroidManifest.xml:25:13-41
53            android:screenOrientation="fullSensor" />
53-->src\main\AndroidManifest.xml:26:13-51
54        <activity android:name="com.sucker777.clipboardsync.MainActivity" >
54-->src\main\AndroidManifest.xml:28:9-34:20
54-->src\main\AndroidManifest.xml:28:19-47
55            <intent-filter>
55-->src\main\AndroidManifest.xml:29:13-33:29
56                <action android:name="android.intent.action.MAIN" />
56-->src\main\AndroidManifest.xml:30:17-69
56-->src\main\AndroidManifest.xml:30:25-66
57
58                <category android:name="android.intent.category.LAUNCHER" />
58-->src\main\AndroidManifest.xml:32:17-77
58-->src\main\AndroidManifest.xml:32:27-74
59            </intent-filter>
60        </activity>
61        <activity
61-->[com.journeyapps:zxing-android-embedded:4.2.0] AndroidManifest.xml:47:9-53:63
62            android:name="com.journeyapps.barcodescanner.CaptureActivity"
62-->[com.journeyapps:zxing-android-embedded:4.2.0] AndroidManifest.xml:48:13-74
63            android:clearTaskOnLaunch="true"
63-->[com.journeyapps:zxing-android-embedded:4.2.0] AndroidManifest.xml:49:13-45
64            android:screenOrientation="sensorLandscape"
64-->[com.journeyapps:zxing-android-embedded:4.2.0] AndroidManifest.xml:50:13-56
65            android:stateNotNeeded="true"
65-->[com.journeyapps:zxing-android-embedded:4.2.0] AndroidManifest.xml:51:13-42
66            android:theme="@style/zxing_CaptureTheme"
66-->[com.journeyapps:zxing-android-embedded:4.2.0] AndroidManifest.xml:52:13-54
67            android:windowSoftInputMode="stateAlwaysHidden" />
67-->[com.journeyapps:zxing-android-embedded:4.2.0] AndroidManifest.xml:53:13-60
68    </application>
69
70</manifest>